2023-08-12 00:01:58.3212||INFO|Microsoft.AspNetCore.DataProtection.KeyManagement.XmlKeyManager|User profile is available. Using 'C:\Users\tugcedokgoz\AppData\Local\ASP.NET\DataProtection-Keys' as key repository and Windows DPAPI to encrypt keys at rest. 
2023-08-12 00:01:58.6577||INFO|Microsoft.Hosting.Lifetime|Now listening on: https://localhost:7119 
2023-08-12 00:01:58.6594||INFO|Microsoft.Hosting.Lifetime|Now listening on: http://localhost:5229 
2023-08-12 00:01:58.6594||INFO|Microsoft.Hosting.Lifetime|Application started. Press Ctrl+C to shut down. 
2023-08-12 00:01:58.6594||INFO|Microsoft.Hosting.Lifetime|Hosting environment: Development 
2023-08-12 00:01:58.6594||INFO|Microsoft.Hosting.Lifetime|Content root path: C:\Users\tugcedokgoz\Desktop\AgirsaglamShopClone\AgirsaglamShopClone\AgirSaglam.Api\ 
2023-08-12 00:02:02.3804||INFO|Microsoft.AspNetCore.Hosting.Diagnostics|Request starting HTTP/2 GET https://localhost:7119/swagger/index.html - - 
2023-08-12 00:02:03.4923||INFO|Microsoft.AspNetCore.Hosting.Diagnostics|Request starting HTTP/2 GET https://localhost:7119/_framework/aspnetcore-browser-refresh.js - - 
2023-08-12 00:02:03.5389||INFO|Microsoft.AspNetCore.Hosting.Diagnostics|Request finished HTTP/2 GET https://localhost:7119/swagger/index.html - - - 200 - text/html;charset=utf-8 1277.8761ms 
2023-08-12 00:02:03.5878||INFO|Microsoft.AspNetCore.Hosting.Diagnostics|Request finished HTTP/2 GET https://localhost:7119/_framework/aspnetcore-browser-refresh.js - - - 200 12360 application/javascript;+charset=utf-8 95.4822ms 
2023-08-12 00:02:03.9177||INFO|Microsoft.AspNetCore.Hosting.Diagnostics|Request starting HTTP/2 GET https://localhost:7119/_vs/browserLink - - 
2023-08-12 00:02:04.0878||INFO|Microsoft.AspNetCore.Hosting.Diagnostics|Request finished HTTP/2 GET https://localhost:7119/_vs/browserLink - - - 200 - text/javascript;+charset=UTF-8 170.0640ms 
2023-08-12 00:02:04.8135||INFO|Microsoft.AspNetCore.Hosting.Diagnostics|Request starting HTTP/2 GET https://localhost:7119/swagger/v1/swagger.json - - 
2023-08-12 00:02:05.1719||INFO|Microsoft.AspNetCore.Hosting.Diagnostics|Request finished HTTP/2 GET https://localhost:7119/swagger/v1/swagger.json - - - 200 - application/json;charset=utf-8 358.4068ms 
2023-08-12 00:02:19.4596||INFO|Microsoft.AspNetCore.Hosting.Diagnostics|Request starting HTTP/2 GET https://localhost:7119/api/Category/GetCategories - - 
2023-08-12 00:02:19.5752||INFO|Microsoft.AspNetCore.Routing.EndpointMiddleware|Executing endpoint 'AgirSaglam.Api.Controllers.CategoryController.GetCategories (AgirSaglam.Api)' 
2023-08-12 00:02:19.5965||INFO|Microsoft.AspNetCore.Mvc.Infrastructure.ControllerActionInvoker|Route matched with {action = "GetCategories", controller = "Category"}. Executing controller action with signature System.Object GetCategories() on controller AgirSaglam.Api.Controllers.CategoryController (AgirSaglam.Api). 
2023-08-12 00:02:21.0842||WARN|Microsoft.EntityFrameworkCore.Model.Validation|No store type was specified for the decimal property 'Point' on entity type 'Comment'. This will cause values to be silently truncated if they do not fit in the default precision and scale. Explicitly specify the SQL server column type that can accommodate all the values in 'OnModelCreating' using 'HasColumnType', specify precision and scale using 'HasPrecision', or configure a value converter using 'HasConversion'. 
2023-08-12 00:02:21.0842||WARN|Microsoft.EntityFrameworkCore.Model.Validation|No store type was specified for the decimal property 'DiscountPrice' on entity type 'Product'. This will cause values to be silently truncated if they do not fit in the default precision and scale. Explicitly specify the SQL server column type that can accommodate all the values in 'OnModelCreating' using 'HasColumnType', specify precision and scale using 'HasPrecision', or configure a value converter using 'HasConversion'. 
2023-08-12 00:02:21.0842||WARN|Microsoft.EntityFrameworkCore.Model.Validation|No store type was specified for the decimal property 'Price' on entity type 'Product'. This will cause values to be silently truncated if they do not fit in the default precision and scale. Explicitly specify the SQL server column type that can accommodate all the values in 'OnModelCreating' using 'HasColumnType', specify precision and scale using 'HasPrecision', or configure a value converter using 'HasConversion'. 
2023-08-12 00:02:22.6604||ERROR|Microsoft.EntityFrameworkCore.Database.Command|Failed executing DbCommand (44ms) [Parameters=[], CommandType='Text', CommandTimeout='30']
SELECT [t].[Id], [t].[Name], [t].[ParentCategoryId], [t].[ProductId], [t].[Status], [t0].[Id], [t0].[Name], [t0].[ParentCategoryId], [t0].[ProductId], [t0].[Status]
FROM [tblCategory] AS [t]
LEFT JOIN [tblCategory] AS [t0] ON [t].[ParentCategoryId] = [t0].[Id] 
2023-08-12 00:02:22.7207||ERROR|Microsoft.EntityFrameworkCore.Query|An exception occurred while iterating over the results of a query for context type 'AgirSaglam.Repository.RepositoryContext'.
Microsoft.Data.SqlClient.SqlException (0x80131904): Invalid column name 'ProductId'.
Invalid column name 'ProductId'.
   at Microsoft.Data.SqlClient.SqlConnection.OnError(SqlException exception, Boolean breakConnection, Action`1 wrapCloseInAction)
   at Microsoft.Data.SqlClient.TdsParser.ThrowExceptionAndWarning(TdsParserStateObject stateObj, Boolean callerHasConnectionLock, Boolean asyncClose)
   at Microsoft.Data.SqlClient.TdsParser.TryRun(RunBehavior runBehavior, SqlCommand cmdHandler, SqlDataReader dataStream, BulkCopySimpleResultSet bulkCopyHandler, TdsParserStateObject stateObj, Boolean& dataReady)
   at Microsoft.Data.SqlClient.SqlDataReader.TryConsumeMetaData()
   at Microsoft.Data.SqlClient.SqlDataReader.get_MetaData()
   at Microsoft.Data.SqlClient.SqlCommand.FinishExecuteReader(SqlDataReader ds, RunBehavior runBehavior, String resetOptionsString, Boolean isInternal, Boolean forDescribeParameterEncryption, Boolean shouldCacheForAlwaysEncrypted)
   at Microsoft.Data.SqlClient.SqlCommand.RunExecuteReaderTds(CommandBehavior cmdBehavior, RunBehavior runBehavior, Boolean returnStream, Boolean isAsync, Int32 timeout, Task& task, Boolean asyncWrite, Boolean inRetry, SqlDataReader ds, Boolean describeParameterEncryptionRequest)
   at Microsoft.Data.SqlClient.SqlCommand.RunExecuteReader(CommandBehavior cmdBehavior, RunBehavior runBehavior, Boolean returnStream, TaskCompletionSource`1 completion, Int32 timeout, Task& task, Boolean& usedCache, Boolean asyncWrite, Boolean inRetry, String method)
   at Microsoft.Data.SqlClient.SqlCommand.ExecuteReader(CommandBehavior behavior)
   at Microsoft.Data.SqlClient.SqlCommand.ExecuteDbDataReader(CommandBehavior behavior)
   at Microsoft.EntityFrameworkCore.Storage.RelationalCommand.ExecuteReader(RelationalCommandParameterObject parameterObject)
   at Microsoft.EntityFrameworkCore.Query.Internal.SingleQueryingEnumerable`1.Enumerator.InitializeReader(Enumerator enumerator)
   at Microsoft.EntityFrameworkCore.SqlServer.Storage.Internal.SqlServerExecutionStrategy.Execute[TState,TResult](TState state, Func`3 operation, Func`3 verifySucceeded)
   at Microsoft.EntityFrameworkCore.Query.Internal.SingleQueryingEnumerable`1.Enumerator.MoveNext()
ClientConnectionId:b7e798bf-008f-4a99-9198-585ffb8cf9bd
Error Number:207,State:1,Class:16 Microsoft.Data.SqlClient.SqlException (0x80131904): Invalid column name 'ProductId'.
Invalid column name 'ProductId'.
   at Microsoft.Data.SqlClient.SqlConnection.OnError(SqlException exception, Boolean breakConnection, Action`1 wrapCloseInAction)
   at Microsoft.Data.SqlClient.TdsParser.ThrowExceptionAndWarning(TdsParserStateObject stateObj, Boolean callerHasConnectionLock, Boolean asyncClose)
   at Microsoft.Data.SqlClient.TdsParser.TryRun(RunBehavior runBehavior, SqlCommand cmdHandler, SqlDataReader dataStream, BulkCopySimpleResultSet bulkCopyHandler, TdsParserStateObject stateObj, Boolean& dataReady)
   at Microsoft.Data.SqlClient.SqlDataReader.TryConsumeMetaData()
   at Microsoft.Data.SqlClient.SqlDataReader.get_MetaData()
   at Microsoft.Data.SqlClient.SqlCommand.FinishExecuteReader(SqlDataReader ds, RunBehavior runBehavior, String resetOptionsString, Boolean isInternal, Boolean forDescribeParameterEncryption, Boolean shouldCacheForAlwaysEncrypted)
   at Microsoft.Data.SqlClient.SqlCommand.RunExecuteReaderTds(CommandBehavior cmdBehavior, RunBehavior runBehavior, Boolean returnStream, Boolean isAsync, Int32 timeout, Task& task, Boolean asyncWrite, Boolean inRetry, SqlDataReader ds, Boolean describeParameterEncryptionRequest)
   at Microsoft.Data.SqlClient.SqlCommand.RunExecuteReader(CommandBehavior cmdBehavior, RunBehavior runBehavior, Boolean returnStream, TaskCompletionSource`1 completion, Int32 timeout, Task& task, Boolean& usedCache, Boolean asyncWrite, Boolean inRetry, String method)
   at Microsoft.Data.SqlClient.SqlCommand.ExecuteReader(CommandBehavior behavior)
   at Microsoft.Data.SqlClient.SqlCommand.ExecuteDbDataReader(CommandBehavior behavior)
   at Microsoft.EntityFrameworkCore.Storage.RelationalCommand.ExecuteReader(RelationalCommandParameterObject parameterObject)
   at Microsoft.EntityFrameworkCore.Query.Internal.SingleQueryingEnumerable`1.Enumerator.InitializeReader(Enumerator enumerator)
   at Microsoft.EntityFrameworkCore.SqlServer.Storage.Internal.SqlServerExecutionStrategy.Execute[TState,TResult](TState state, Func`3 operation, Func`3 verifySucceeded)
   at Microsoft.EntityFrameworkCore.Query.Internal.SingleQueryingEnumerable`1.Enumerator.MoveNext()
ClientConnectionId:b7e798bf-008f-4a99-9198-585ffb8cf9bd
Error Number:207,State:1,Class:16
2023-08-12 00:03:51.4190||INFO|Microsoft.AspNetCore.DataProtection.KeyManagement.XmlKeyManager|User profile is available. Using 'C:\Users\tugcedokgoz\AppData\Local\ASP.NET\DataProtection-Keys' as key repository and Windows DPAPI to encrypt keys at rest. 
2023-08-12 00:03:51.7495||INFO|Microsoft.Hosting.Lifetime|Now listening on: https://localhost:7119 
2023-08-12 00:03:51.7495||INFO|Microsoft.Hosting.Lifetime|Now listening on: http://localhost:5229 
2023-08-12 00:03:51.7562||INFO|Microsoft.Hosting.Lifetime|Application started. Press Ctrl+C to shut down. 
2023-08-12 00:03:51.7562||INFO|Microsoft.Hosting.Lifetime|Hosting environment: Development 
2023-08-12 00:03:51.7562||INFO|Microsoft.Hosting.Lifetime|Content root path: C:\Users\tugcedokgoz\Desktop\AgirsaglamShopClone\AgirsaglamShopClone\AgirSaglam.Api\ 
2023-08-12 00:03:56.2293||INFO|Microsoft.AspNetCore.Hosting.Diagnostics|Request starting HTTP/2 GET https://localhost:7119/swagger/index.html - - 
2023-08-12 00:03:57.1723||INFO|Microsoft.AspNetCore.Hosting.Diagnostics|Request starting HTTP/2 GET https://localhost:7119/_framework/aspnetcore-browser-refresh.js - - 
2023-08-12 00:03:57.1840||INFO|Microsoft.AspNetCore.Hosting.Diagnostics|Request finished HTTP/2 GET https://localhost:7119/_framework/aspnetcore-browser-refresh.js - - - 200 12360 application/javascript;+charset=utf-8 9.8187ms 
2023-08-12 00:03:57.1840||INFO|Microsoft.AspNetCore.Hosting.Diagnostics|Request finished HTTP/2 GET https://localhost:7119/swagger/index.html - - - 200 - text/html;charset=utf-8 965.9298ms 
2023-08-12 00:03:57.5817||INFO|Microsoft.AspNetCore.Hosting.Diagnostics|Request starting HTTP/2 GET https://localhost:7119/_vs/browserLink - - 
2023-08-12 00:03:57.7573||INFO|Microsoft.AspNetCore.Hosting.Diagnostics|Request finished HTTP/2 GET https://localhost:7119/_vs/browserLink - - - 200 - text/javascript;+charset=UTF-8 175.5858ms 
2023-08-12 00:03:58.5341||INFO|Microsoft.AspNetCore.Hosting.Diagnostics|Request starting HTTP/2 GET https://localhost:7119/swagger/v1/swagger.json - - 
2023-08-12 00:03:58.9308||INFO|Microsoft.AspNetCore.Hosting.Diagnostics|Request finished HTTP/2 GET https://localhost:7119/swagger/v1/swagger.json - - - 200 - application/json;charset=utf-8 396.7283ms 
2023-08-12 00:04:04.2615||INFO|Microsoft.AspNetCore.Hosting.Diagnostics|Request starting HTTP/2 GET https://localhost:7119/api/Category/GetCategories - - 
2023-08-12 00:04:04.3656||INFO|Microsoft.AspNetCore.Routing.EndpointMiddleware|Executing endpoint 'AgirSaglam.Api.Controllers.CategoryController.GetCategories (AgirSaglam.Api)' 
2023-08-12 00:04:04.3879||INFO|Microsoft.AspNetCore.Mvc.Infrastructure.ControllerActionInvoker|Route matched with {action = "GetCategories", controller = "Category"}. Executing controller action with signature System.Object GetCategories() on controller AgirSaglam.Api.Controllers.CategoryController (AgirSaglam.Api). 
2023-08-12 00:04:05.8661||WARN|Microsoft.EntityFrameworkCore.Model.Validation|No store type was specified for the decimal property 'Point' on entity type 'Comment'. This will cause values to be silently truncated if they do not fit in the default precision and scale. Explicitly specify the SQL server column type that can accommodate all the values in 'OnModelCreating' using 'HasColumnType', specify precision and scale using 'HasPrecision', or configure a value converter using 'HasConversion'. 
2023-08-12 00:04:05.8661||WARN|Microsoft.EntityFrameworkCore.Model.Validation|No store type was specified for the decimal property 'DiscountPrice' on entity type 'Product'. This will cause values to be silently truncated if they do not fit in the default precision and scale. Explicitly specify the SQL server column type that can accommodate all the values in 'OnModelCreating' using 'HasColumnType', specify precision and scale using 'HasPrecision', or configure a value converter using 'HasConversion'. 
2023-08-12 00:04:05.8661||WARN|Microsoft.EntityFrameworkCore.Model.Validation|No store type was specified for the decimal property 'Price' on entity type 'Product'. This will cause values to be silently truncated if they do not fit in the default precision and scale. Explicitly specify the SQL server column type that can accommodate all the values in 'OnModelCreating' using 'HasColumnType', specify precision and scale using 'HasPrecision', or configure a value converter using 'HasConversion'. 
2023-08-12 00:07:27.7270||INFO|Microsoft.AspNetCore.DataProtection.KeyManagement.XmlKeyManager|User profile is available. Using 'C:\Users\tugcedokgoz\AppData\Local\ASP.NET\DataProtection-Keys' as key repository and Windows DPAPI to encrypt keys at rest. 
2023-08-12 00:07:28.0767||INFO|Microsoft.Hosting.Lifetime|Now listening on: https://localhost:7119 
2023-08-12 00:07:28.0767||INFO|Microsoft.Hosting.Lifetime|Now listening on: http://localhost:5229 
2023-08-12 00:07:28.0802||INFO|Microsoft.Hosting.Lifetime|Application started. Press Ctrl+C to shut down. 
2023-08-12 00:07:28.0802||INFO|Microsoft.Hosting.Lifetime|Hosting environment: Development 
2023-08-12 00:07:28.0802||INFO|Microsoft.Hosting.Lifetime|Content root path: C:\Users\tugcedokgoz\Desktop\AgirsaglamShopClone\AgirsaglamShopClone\AgirSaglam.Api\ 
2023-08-12 00:07:32.2568||INFO|Microsoft.AspNetCore.Hosting.Diagnostics|Request starting HTTP/2 GET https://localhost:7119/swagger/index.html - - 
2023-08-12 00:07:33.1821||INFO|Microsoft.AspNetCore.Hosting.Diagnostics|Request finished HTTP/2 GET https://localhost:7119/swagger/index.html - - - 200 - text/html;charset=utf-8 933.2593ms 
2023-08-12 00:07:33.2829||INFO|Microsoft.AspNetCore.Hosting.Diagnostics|Request starting HTTP/2 GET https://localhost:7119/_framework/aspnetcore-browser-refresh.js - - 
2023-08-12 00:07:33.3203||INFO|Microsoft.AspNetCore.Hosting.Diagnostics|Request finished HTTP/2 GET https://localhost:7119/_framework/aspnetcore-browser-refresh.js - - - 200 12360 application/javascript;+charset=utf-8 37.4315ms 
2023-08-12 00:07:33.6609||INFO|Microsoft.AspNetCore.Hosting.Diagnostics|Request starting HTTP/2 GET https://localhost:7119/_vs/browserLink - - 
2023-08-12 00:07:33.8672||INFO|Microsoft.AspNetCore.Hosting.Diagnostics|Request finished HTTP/2 GET https://localhost:7119/_vs/browserLink - - - 200 - text/javascript;+charset=UTF-8 206.2764ms 
2023-08-12 00:07:34.7411||INFO|Microsoft.AspNetCore.Hosting.Diagnostics|Request starting HTTP/2 GET https://localhost:7119/swagger/v1/swagger.json - - 
2023-08-12 00:07:35.1486||INFO|Microsoft.AspNetCore.Hosting.Diagnostics|Request finished HTTP/2 GET https://localhost:7119/swagger/v1/swagger.json - - - 200 - application/json;charset=utf-8 407.5073ms 
2023-08-12 00:07:45.8803||INFO|Microsoft.AspNetCore.Hosting.Diagnostics|Request starting HTTP/2 GET https://localhost:7119/api/Category/GetCategories - - 
2023-08-12 00:07:45.9793||INFO|Microsoft.AspNetCore.Routing.EndpointMiddleware|Executing endpoint 'AgirSaglam.Api.Controllers.CategoryController.GetCategories (AgirSaglam.Api)' 
2023-08-12 00:07:46.0121||INFO|Microsoft.AspNetCore.Mvc.Infrastructure.ControllerActionInvoker|Route matched with {action = "GetCategories", controller = "Category"}. Executing controller action with signature System.Object GetCategories() on controller AgirSaglam.Api.Controllers.CategoryController (AgirSaglam.Api). 
2023-08-12 00:07:47.5829||WARN|Microsoft.EntityFrameworkCore.Model.Validation|No store type was specified for the decimal property 'Point' on entity type 'Comment'. This will cause values to be silently truncated if they do not fit in the default precision and scale. Explicitly specify the SQL server column type that can accommodate all the values in 'OnModelCreating' using 'HasColumnType', specify precision and scale using 'HasPrecision', or configure a value converter using 'HasConversion'. 
2023-08-12 00:07:47.5829||WARN|Microsoft.EntityFrameworkCore.Model.Validation|No store type was specified for the decimal property 'DiscountPrice' on entity type 'Product'. This will cause values to be silently truncated if they do not fit in the default precision and scale. Explicitly specify the SQL server column type that can accommodate all the values in 'OnModelCreating' using 'HasColumnType', specify precision and scale using 'HasPrecision', or configure a value converter using 'HasConversion'. 
2023-08-12 00:07:47.5829||WARN|Microsoft.EntityFrameworkCore.Model.Validation|No store type was specified for the decimal property 'Price' on entity type 'Product'. This will cause values to be silently truncated if they do not fit in the default precision and scale. Explicitly specify the SQL server column type that can accommodate all the values in 'OnModelCreating' using 'HasColumnType', specify precision and scale using 'HasPrecision', or configure a value converter using 'HasConversion'. 
2023-08-12 00:09:04.5767||ERROR|Microsoft.EntityFrameworkCore.Database.Command|Failed executing DbCommand (46ms) [Parameters=[], CommandType='Text', CommandTimeout='30']
SELECT [t].[Id], [t].[Name], [t].[ParentCategoryId], [t].[ProductId], [t].[Status], [t0].[Id], [t0].[Name], [t0].[ParentCategoryId], [t0].[ProductId], [t0].[Status]
FROM [tblCategory] AS [t]
LEFT JOIN [tblCategory] AS [t0] ON [t].[ParentCategoryId] = [t0].[Id] 
2023-08-12 00:09:04.6242||ERROR|Microsoft.EntityFrameworkCore.Query|An exception occurred while iterating over the results of a query for context type 'AgirSaglam.Repository.RepositoryContext'.
Microsoft.Data.SqlClient.SqlException (0x80131904): Invalid column name 'ProductId'.
Invalid column name 'ProductId'.
   at Microsoft.Data.SqlClient.SqlConnection.OnError(SqlException exception, Boolean breakConnection, Action`1 wrapCloseInAction)
   at Microsoft.Data.SqlClient.TdsParser.ThrowExceptionAndWarning(TdsParserStateObject stateObj, Boolean callerHasConnectionLock, Boolean asyncClose)
   at Microsoft.Data.SqlClient.TdsParser.TryRun(RunBehavior runBehavior, SqlCommand cmdHandler, SqlDataReader dataStream, BulkCopySimpleResultSet bulkCopyHandler, TdsParserStateObject stateObj, Boolean& dataReady)
   at Microsoft.Data.SqlClient.SqlDataReader.TryConsumeMetaData()
   at Microsoft.Data.SqlClient.SqlDataReader.get_MetaData()
   at Microsoft.Data.SqlClient.SqlCommand.FinishExecuteReader(SqlDataReader ds, RunBehavior runBehavior, String resetOptionsString, Boolean isInternal, Boolean forDescribeParameterEncryption, Boolean shouldCacheForAlwaysEncrypted)
   at Microsoft.Data.SqlClient.SqlCommand.RunExecuteReaderTds(CommandBehavior cmdBehavior, RunBehavior runBehavior, Boolean returnStream, Boolean isAsync, Int32 timeout, Task& task, Boolean asyncWrite, Boolean inRetry, SqlDataReader ds, Boolean describeParameterEncryptionRequest)
   at Microsoft.Data.SqlClient.SqlCommand.RunExecuteReader(CommandBehavior cmdBehavior, RunBehavior runBehavior, Boolean returnStream, TaskCompletionSource`1 completion, Int32 timeout, Task& task, Boolean& usedCache, Boolean asyncWrite, Boolean inRetry, String method)
   at Microsoft.Data.SqlClient.SqlCommand.ExecuteReader(CommandBehavior behavior)
   at Microsoft.Data.SqlClient.SqlCommand.ExecuteDbDataReader(CommandBehavior behavior)
   at Microsoft.EntityFrameworkCore.Storage.RelationalCommand.ExecuteReader(RelationalCommandParameterObject parameterObject)
   at Microsoft.EntityFrameworkCore.Query.Internal.SingleQueryingEnumerable`1.Enumerator.InitializeReader(Enumerator enumerator)
   at Microsoft.EntityFrameworkCore.SqlServer.Storage.Internal.SqlServerExecutionStrategy.Execute[TState,TResult](TState state, Func`3 operation, Func`3 verifySucceeded)
   at Microsoft.EntityFrameworkCore.Query.Internal.SingleQueryingEnumerable`1.Enumerator.MoveNext()
ClientConnectionId:0eadcc5e-3f53-4bdf-97df-63838478b4f1
Error Number:207,State:1,Class:16 Microsoft.Data.SqlClient.SqlException (0x80131904): Invalid column name 'ProductId'.
Invalid column name 'ProductId'.
   at Microsoft.Data.SqlClient.SqlConnection.OnError(SqlException exception, Boolean breakConnection, Action`1 wrapCloseInAction)
   at Microsoft.Data.SqlClient.TdsParser.ThrowExceptionAndWarning(TdsParserStateObject stateObj, Boolean callerHasConnectionLock, Boolean asyncClose)
   at Microsoft.Data.SqlClient.TdsParser.TryRun(RunBehavior runBehavior, SqlCommand cmdHandler, SqlDataReader dataStream, BulkCopySimpleResultSet bulkCopyHandler, TdsParserStateObject stateObj, Boolean& dataReady)
   at Microsoft.Data.SqlClient.SqlDataReader.TryConsumeMetaData()
   at Microsoft.Data.SqlClient.SqlDataReader.get_MetaData()
   at Microsoft.Data.SqlClient.SqlCommand.FinishExecuteReader(SqlDataReader ds, RunBehavior runBehavior, String resetOptionsString, Boolean isInternal, Boolean forDescribeParameterEncryption, Boolean shouldCacheForAlwaysEncrypted)
   at Microsoft.Data.SqlClient.SqlCommand.RunExecuteReaderTds(CommandBehavior cmdBehavior, RunBehavior runBehavior, Boolean returnStream, Boolean isAsync, Int32 timeout, Task& task, Boolean asyncWrite, Boolean inRetry, SqlDataReader ds, Boolean describeParameterEncryptionRequest)
   at Microsoft.Data.SqlClient.SqlCommand.RunExecuteReader(CommandBehavior cmdBehavior, RunBehavior runBehavior, Boolean returnStream, TaskCompletionSource`1 completion, Int32 timeout, Task& task, Boolean& usedCache, Boolean asyncWrite, Boolean inRetry, String method)
   at Microsoft.Data.SqlClient.SqlCommand.ExecuteReader(CommandBehavior behavior)
   at Microsoft.Data.SqlClient.SqlCommand.ExecuteDbDataReader(CommandBehavior behavior)
   at Microsoft.EntityFrameworkCore.Storage.RelationalCommand.ExecuteReader(RelationalCommandParameterObject parameterObject)
   at Microsoft.EntityFrameworkCore.Query.Internal.SingleQueryingEnumerable`1.Enumerator.InitializeReader(Enumerator enumerator)
   at Microsoft.EntityFrameworkCore.SqlServer.Storage.Internal.SqlServerExecutionStrategy.Execute[TState,TResult](TState state, Func`3 operation, Func`3 verifySucceeded)
   at Microsoft.EntityFrameworkCore.Query.Internal.SingleQueryingEnumerable`1.Enumerator.MoveNext()
ClientConnectionId:0eadcc5e-3f53-4bdf-97df-63838478b4f1
Error Number:207,State:1,Class:16
2023-08-12 00:10:13.8191||INFO|Microsoft.AspNetCore.Mvc.Infrastructure.ControllerActionInvoker|Executed action AgirSaglam.Api.Controllers.CategoryController.GetCategories (AgirSaglam.Api) in 147802.5498ms 
2023-08-12 00:10:13.8583||INFO|Microsoft.AspNetCore.Routing.EndpointMiddleware|Executed endpoint 'AgirSaglam.Api.Controllers.CategoryController.GetCategories (AgirSaglam.Api)' 
2023-08-12 00:10:13.8692||ERROR|Microsoft.AspNetCore.Diagnostics.ExceptionHandlerMiddleware|An unhandled exception has occurred while executing the request. Microsoft.Data.SqlClient.SqlException (0x80131904): Invalid column name 'ProductId'.
Invalid column name 'ProductId'.
   at Microsoft.Data.SqlClient.SqlConnection.OnError(SqlException exception, Boolean breakConnection, Action`1 wrapCloseInAction)
   at Microsoft.Data.SqlClient.TdsParser.ThrowExceptionAndWarning(TdsParserStateObject stateObj, Boolean callerHasConnectionLock, Boolean asyncClose)
   at Microsoft.Data.SqlClient.TdsParser.TryRun(RunBehavior runBehavior, SqlCommand cmdHandler, SqlDataReader dataStream, BulkCopySimpleResultSet bulkCopyHandler, TdsParserStateObject stateObj, Boolean& dataReady)
   at Microsoft.Data.SqlClient.SqlDataReader.TryConsumeMetaData()
   at Microsoft.Data.SqlClient.SqlDataReader.get_MetaData()
   at Microsoft.Data.SqlClient.SqlCommand.FinishExecuteReader(SqlDataReader ds, RunBehavior runBehavior, String resetOptionsString, Boolean isInternal, Boolean forDescribeParameterEncryption, Boolean shouldCacheForAlwaysEncrypted)
   at Microsoft.Data.SqlClient.SqlCommand.RunExecuteReaderTds(CommandBehavior cmdBehavior, RunBehavior runBehavior, Boolean returnStream, Boolean isAsync, Int32 timeout, Task& task, Boolean asyncWrite, Boolean inRetry, SqlDataReader ds, Boolean describeParameterEncryptionRequest)
   at Microsoft.Data.SqlClient.SqlCommand.RunExecuteReader(CommandBehavior cmdBehavior, RunBehavior runBehavior, Boolean returnStream, TaskCompletionSource`1 completion, Int32 timeout, Task& task, Boolean& usedCache, Boolean asyncWrite, Boolean inRetry, String method)
   at Microsoft.Data.SqlClient.SqlCommand.ExecuteReader(CommandBehavior behavior)
   at Microsoft.Data.SqlClient.SqlCommand.ExecuteDbDataReader(CommandBehavior behavior)
   at Microsoft.EntityFrameworkCore.Storage.RelationalCommand.ExecuteReader(RelationalCommandParameterObject parameterObject)
   at Microsoft.EntityFrameworkCore.Query.Internal.SingleQueryingEnumerable`1.Enumerator.InitializeReader(Enumerator enumerator)
   at Microsoft.EntityFrameworkCore.SqlServer.Storage.Internal.SqlServerExecutionStrategy.Execute[TState,TResult](TState state, Func`3 operation, Func`3 verifySucceeded)
   at Microsoft.EntityFrameworkCore.Query.Internal.SingleQueryingEnumerable`1.Enumerator.MoveNext()
   at System.Collections.Generic.List`1..ctor(IEnumerable`1 collection)
   at System.Linq.Enumerable.ToList[TSource](IEnumerable`1 source)
   at AgirSaglam.Api.Controllers.CategoryController.GetCategories() in C:\Users\tugcedokgoz\Desktop\AgirsaglamShopClone\AgirsaglamShopClone\AgirSaglam.Api\Controllers\CategoryController.cs:line 29
   at Microsoft.AspNetCore.Mvc.Infrastructure.ActionMethodExecutor.SyncObjectResultExecutor.Execute(IActionResultTypeMapper mapper, ObjectMethodExecutor executor, Object controller, Object[] arguments)
   at Microsoft.AspNetCore.Mvc.Infrastructure.ControllerActionInvoker.InvokeActionMethodAsync()
   at Microsoft.AspNetCore.Mvc.Infrastructure.ControllerActionInvoker.Next(State& next, Scope& scope, Object& state, Boolean& isCompleted)
   at Microsoft.AspNetCore.Mvc.Infrastructure.ControllerActionInvoker.InvokeNextActionFilterAsync()
--- End of stack trace from previous location ---
   at Microsoft.AspNetCore.Mvc.Infrastructure.ControllerActionInvoker.Rethrow(ActionExecutedContextSealed context)
   at Microsoft.AspNetCore.Mvc.Infrastructure.ControllerActionInvoker.Next(State& next, Scope& scope, Object& state, Boolean& isCompleted)
   at Microsoft.AspNetCore.Mvc.Infrastructure.ControllerActionInvoker.InvokeInnerFilterAsync()
--- End of stack trace from previous location ---
   at Microsoft.AspNetCore.Mvc.Infrastructure.ResourceInvoker.<InvokeFilterPipelineAsync>g__Awaited|20_0(ResourceInvoker invoker, Task lastTask, State next, Scope scope, Object state, Boolean isCompleted)
   at Microsoft.AspNetCore.Mvc.Infrastructure.ResourceInvoker.<InvokeAsync>g__Logged|17_1(ResourceInvoker invoker)
   at Microsoft.AspNetCore.Mvc.Infrastructure.ResourceInvoker.<InvokeAsync>g__Logged|17_1(ResourceInvoker invoker)
   at Microsoft.AspNetCore.Routing.EndpointMiddleware.<Invoke>g__AwaitRequestTask|6_0(Endpoint endpoint, Task requestTask, ILogger logger)
   at Microsoft.AspNetCore.Authorization.AuthorizationMiddleware.Invoke(HttpContext context)
   at Microsoft.AspNetCore.Authentication.AuthenticationMiddleware.Invoke(HttpContext context)
   at Microsoft.AspNetCore.Diagnostics.ExceptionHandlerMiddleware.<Invoke>g__Awaited|6_0(ExceptionHandlerMiddleware middleware, HttpContext context, Task task)
ClientConnectionId:0eadcc5e-3f53-4bdf-97df-63838478b4f1
Error Number:207,State:1,Class:16
2023-08-12 00:10:13.9169||INFO|Microsoft.AspNetCore.Routing.EndpointMiddleware|Executing endpoint 'AgirSaglam.Api.Controllers.ErrorController.HandleErrorDevelopment (AgirSaglam.Api)' 
2023-08-12 00:10:13.9348||INFO|Microsoft.AspNetCore.Mvc.Infrastructure.ControllerActionInvoker|Route matched with {action = "HandleErrorDevelopment", controller = "Error"}. Executing controller action with signature Microsoft.AspNetCore.Mvc.IActionResult HandleErrorDevelopment(Microsoft.Extensions.Hosting.IHostEnvironment) on controller AgirSaglam.Api.Controllers.ErrorController (AgirSaglam.Api). 
2023-08-12 00:10:13.9721||INFO|Microsoft.AspNetCore.Mvc.Infrastructure.ObjectResultExecutor|Executing ObjectResult, writing value of type 'Microsoft.AspNetCore.Mvc.ProblemDetails'. 
2023-08-12 00:10:13.9721||INFO|Microsoft.AspNetCore.Mvc.Infrastructure.ControllerActionInvoker|Executed action AgirSaglam.Api.Controllers.ErrorController.HandleErrorDevelopment (AgirSaglam.Api) in 40.9665ms 
2023-08-12 00:10:13.9721||INFO|Microsoft.AspNetCore.Routing.EndpointMiddleware|Executed endpoint 'AgirSaglam.Api.Controllers.ErrorController.HandleErrorDevelopment (AgirSaglam.Api)' 
2023-08-12 00:10:14.0057||INFO|Microsoft.AspNetCore.Hosting.Diagnostics|Request finished HTTP/2 GET https://localhost:7119/api/Category/GetCategories - - - 500 - application/problem+json;+charset=utf-8 148125.3951ms 
2023-08-12 00:10:40.1670||INFO|Microsoft.AspNetCore.Hosting.Diagnostics|Request starting HTTP/2 GET https://localhost:7119/api/Comment/GetCommentsByProductId/5 - - 
2023-08-12 00:10:40.1783||INFO|Microsoft.AspNetCore.Routing.EndpointMiddleware|Executing endpoint 'AgirSaglam.Api.Controllers.CommentController.GetCommentsByProductId (AgirSaglam.Api)' 
2023-08-12 00:10:40.1783||INFO|Microsoft.AspNetCore.Mvc.Infrastructure.ControllerActionInvoker|Route matched with {action = "GetCommentsByProductId", controller = "Comment"}. Executing controller action with signature System.Threading.Tasks.Task`1[Microsoft.AspNetCore.Mvc.IActionResult] GetCommentsByProductId(Int32) on controller AgirSaglam.Api.Controllers.CommentController (AgirSaglam.Api). 
2023-08-12 00:10:40.4303||INFO|Microsoft.EntityFrameworkCore.Database.Command|Executed DbCommand (103ms) [Parameters=[@__productId_0='?' (DbType = Int32)], CommandType='Text', CommandTimeout='30']
SELECT [t].[Id], [t].[Answer], [t].[ConfirmUserId], [t].[Date], [t].[Explanation], [t].[Point], [t].[ProductId], [t].[Status], [t].[StatusDate], [t].[UserId], [t0].[Id], [t0].[AdressId], [t0].[CreateDate], [t0].[Email], [t0].[EmailConfirm], [t0].[EmailConfirmDate], [t0].[Password], [t0].[RoleId], [t0].[Status], [t0].[UpdateDate], [t0].[UserName], [t1].[Id], [t1].[Amount], [t1].[Description], [t1].[DiscountPrice], [t1].[Image], [t1].[Name], [t1].[Price]
FROM [tblComment] AS [t]
INNER JOIN [tblUser] AS [t0] ON [t].[UserId] = [t0].[Id]
INNER JOIN [tblProduct] AS [t1] ON [t].[ProductId] = [t1].[Id]
WHERE [t].[ProductId] = @__productId_0 
2023-08-12 00:10:40.4890||INFO|Microsoft.AspNetCore.Mvc.Infrastructure.ObjectResultExecutor|Executing ObjectResult, writing value of type 'Microsoft.AspNetCore.Mvc.ProblemDetails'. 
2023-08-12 00:10:40.4890||INFO|Microsoft.AspNetCore.Mvc.Infrastructure.ControllerActionInvoker|Executed action AgirSaglam.Api.Controllers.CommentController.GetCommentsByProductId (AgirSaglam.Api) in 304.1083ms 
2023-08-12 00:10:40.4890||INFO|Microsoft.AspNetCore.Routing.EndpointMiddleware|Executed endpoint 'AgirSaglam.Api.Controllers.CommentController.GetCommentsByProductId (AgirSaglam.Api)' 
2023-08-12 00:10:40.4890||INFO|Microsoft.AspNetCore.Hosting.Diagnostics|Request finished HTTP/2 GET https://localhost:7119/api/Comment/GetCommentsByProductId/5 - - - 404 - application/problem+json;+charset=utf-8 329.0698ms 
2023-08-12 00:10:50.1373||INFO|Microsoft.AspNetCore.Hosting.Diagnostics|Request starting HTTP/2 GET https://localhost:7119/api/Comment/GetCommentsByProductId/11 - - 
2023-08-12 00:10:50.1430||INFO|Microsoft.AspNetCore.Routing.EndpointMiddleware|Executing endpoint 'AgirSaglam.Api.Controllers.CommentController.GetCommentsByProductId (AgirSaglam.Api)' 
2023-08-12 00:10:50.1430||INFO|Microsoft.AspNetCore.Mvc.Infrastructure.ControllerActionInvoker|Route matched with {action = "GetCommentsByProductId", controller = "Comment"}. Executing controller action with signature System.Threading.Tasks.Task`1[Microsoft.AspNetCore.Mvc.IActionResult] GetCommentsByProductId(Int32) on controller AgirSaglam.Api.Controllers.CommentController (AgirSaglam.Api). 
2023-08-12 00:10:50.2155||INFO|Microsoft.EntityFrameworkCore.Database.Command|Executed DbCommand (3ms) [Parameters=[@__productId_0='?' (DbType = Int32)], CommandType='Text', CommandTimeout='30']
SELECT [t].[Id], [t].[Answer], [t].[ConfirmUserId], [t].[Date], [t].[Explanation], [t].[Point], [t].[ProductId], [t].[Status], [t].[StatusDate], [t].[UserId], [t0].[Id], [t0].[AdressId], [t0].[CreateDate], [t0].[Email], [t0].[EmailConfirm], [t0].[EmailConfirmDate], [t0].[Password], [t0].[RoleId], [t0].[Status], [t0].[UpdateDate], [t0].[UserName], [t1].[Id], [t1].[Amount], [t1].[Description], [t1].[DiscountPrice], [t1].[Image], [t1].[Name], [t1].[Price]
FROM [tblComment] AS [t]
INNER JOIN [tblUser] AS [t0] ON [t].[UserId] = [t0].[Id]
INNER JOIN [tblProduct] AS [t1] ON [t].[ProductId] = [t1].[Id]
WHERE [t].[ProductId] = @__productId_0 
2023-08-12 00:10:50.2155||INFO|Microsoft.AspNetCore.Mvc.Infrastructure.ObjectResultExecutor|Executing ObjectResult, writing value of type 'Microsoft.AspNetCore.Mvc.ProblemDetails'. 
2023-08-12 00:10:50.2155||INFO|Microsoft.AspNetCore.Mvc.Infrastructure.ControllerActionInvoker|Executed action AgirSaglam.Api.Controllers.CommentController.GetCommentsByProductId (AgirSaglam.Api) in 73.5577ms 
2023-08-12 00:10:50.2155||INFO|Microsoft.AspNetCore.Routing.EndpointMiddleware|Executed endpoint 'AgirSaglam.Api.Controllers.CommentController.GetCommentsByProductId (AgirSaglam.Api)' 
2023-08-12 00:10:50.2155||INFO|Microsoft.AspNetCore.Hosting.Diagnostics|Request finished HTTP/2 GET https://localhost:7119/api/Comment/GetCommentsByProductId/11 - - - 404 - application/problem+json;+charset=utf-8 81.5700ms 
2023-08-12 00:10:53.1114||INFO|Microsoft.AspNetCore.Hosting.Diagnostics|Request starting HTTP/2 GET https://localhost:7119/api/Comment/GetCommentsByProductId/9 - - 
2023-08-12 00:10:53.1128||INFO|Microsoft.AspNetCore.Routing.EndpointMiddleware|Executing endpoint 'AgirSaglam.Api.Controllers.CommentController.GetCommentsByProductId (AgirSaglam.Api)' 
2023-08-12 00:10:53.1128||INFO|Microsoft.AspNetCore.Mvc.Infrastructure.ControllerActionInvoker|Route matched with {action = "GetCommentsByProductId", controller = "Comment"}. Executing controller action with signature System.Threading.Tasks.Task`1[Microsoft.AspNetCore.Mvc.IActionResult] GetCommentsByProductId(Int32) on controller AgirSaglam.Api.Controllers.CommentController (AgirSaglam.Api). 
2023-08-12 00:10:53.1128||INFO|Microsoft.EntityFrameworkCore.Database.Command|Executed DbCommand (1ms) [Parameters=[@__productId_0='?' (DbType = Int32)], CommandType='Text', CommandTimeout='30']
SELECT [t].[Id], [t].[Answer], [t].[ConfirmUserId], [t].[Date], [t].[Explanation], [t].[Point], [t].[ProductId], [t].[Status], [t].[StatusDate], [t].[UserId], [t0].[Id], [t0].[AdressId], [t0].[CreateDate], [t0].[Email], [t0].[EmailConfirm], [t0].[EmailConfirmDate], [t0].[Password], [t0].[RoleId], [t0].[Status], [t0].[UpdateDate], [t0].[UserName], [t1].[Id], [t1].[Amount], [t1].[Description], [t1].[DiscountPrice], [t1].[Image], [t1].[Name], [t1].[Price]
FROM [tblComment] AS [t]
INNER JOIN [tblUser] AS [t0] ON [t].[UserId] = [t0].[Id]
INNER JOIN [tblProduct] AS [t1] ON [t].[ProductId] = [t1].[Id]
WHERE [t].[ProductId] = @__productId_0 
2023-08-12 00:10:53.1128||INFO|Microsoft.AspNetCore.Mvc.Infrastructure.ObjectResultExecutor|Executing ObjectResult, writing value of type 'Microsoft.AspNetCore.Mvc.ProblemDetails'. 
2023-08-12 00:10:53.1128||INFO|Microsoft.AspNetCore.Mvc.Infrastructure.ControllerActionInvoker|Executed action AgirSaglam.Api.Controllers.CommentController.GetCommentsByProductId (AgirSaglam.Api) in 4.6634ms 
2023-08-12 00:10:53.1128||INFO|Microsoft.AspNetCore.Routing.EndpointMiddleware|Executed endpoint 'AgirSaglam.Api.Controllers.CommentController.GetCommentsByProductId (AgirSaglam.Api)' 
2023-08-12 00:10:53.1128||INFO|Microsoft.AspNetCore.Hosting.Diagnostics|Request finished HTTP/2 GET https://localhost:7119/api/Comment/GetCommentsByProductId/9 - - - 404 - application/problem+json;+charset=utf-8 10.8296ms 
2023-08-12 00:10:56.0589||INFO|Microsoft.AspNetCore.Hosting.Diagnostics|Request starting HTTP/2 GET https://localhost:7119/api/Comment/GetCommentsByProductId/3 - - 
2023-08-12 00:10:56.0589||INFO|Microsoft.AspNetCore.Routing.EndpointMiddleware|Executing endpoint 'AgirSaglam.Api.Controllers.CommentController.GetCommentsByProductId (AgirSaglam.Api)' 
2023-08-12 00:10:56.0589||INFO|Microsoft.AspNetCore.Mvc.Infrastructure.ControllerActionInvoker|Route matched with {action = "GetCommentsByProductId", controller = "Comment"}. Executing controller action with signature System.Threading.Tasks.Task`1[Microsoft.AspNetCore.Mvc.IActionResult] GetCommentsByProductId(Int32) on controller AgirSaglam.Api.Controllers.CommentController (AgirSaglam.Api). 
2023-08-12 00:10:56.0589||INFO|Microsoft.EntityFrameworkCore.Database.Command|Executed DbCommand (1ms) [Parameters=[@__productId_0='?' (DbType = Int32)], CommandType='Text', CommandTimeout='30']
SELECT [t].[Id], [t].[Answer], [t].[ConfirmUserId], [t].[Date], [t].[Explanation], [t].[Point], [t].[ProductId], [t].[Status], [t].[StatusDate], [t].[UserId], [t0].[Id], [t0].[AdressId], [t0].[CreateDate], [t0].[Email], [t0].[EmailConfirm], [t0].[EmailConfirmDate], [t0].[Password], [t0].[RoleId], [t0].[Status], [t0].[UpdateDate], [t0].[UserName], [t1].[Id], [t1].[Amount], [t1].[Description], [t1].[DiscountPrice], [t1].[Image], [t1].[Name], [t1].[Price]
FROM [tblComment] AS [t]
INNER JOIN [tblUser] AS [t0] ON [t].[UserId] = [t0].[Id]
INNER JOIN [tblProduct] AS [t1] ON [t].[ProductId] = [t1].[Id]
WHERE [t].[ProductId] = @__productId_0 
2023-08-12 00:10:56.1402||INFO|Microsoft.AspNetCore.Mvc.Infrastructure.ObjectResultExecutor|Executing OkObjectResult, writing value of type '<>f__AnonymousType0`2[[System.Boolean, System.Private.CoreLib, Version=6.0.0.0, Culture=neutral, PublicKeyToken=7cec85d7bea7798e],[System.Collections.Generic.IEnumerable`1[[<>f__AnonymousType3`12[[System.Int32, System.Private.CoreLib, Version=6.0.0.0, Culture=neutral, PublicKeyToken=7cec85d7bea7798e],[System.Int32, System.Private.CoreLib, Version=6.0.0.0, Culture=neutral, PublicKeyToken=7cec85d7bea7798e],[System.Int32, System.Private.CoreLib, Version=6.0.0.0, Culture=neutral, PublicKeyToken=7cec85d7bea7798e],[System.String, System.Private.CoreLib, Version=6.0.0.0, Culture=neutral, PublicKeyToken=7cec85d7bea7798e],[System.DateTime, System.Private.CoreLib, Version=6.0.0.0, Culture=neutral, PublicKeyToken=7cec85d7bea7798e],[System.Decimal, System.Private.CoreLib, Version=6.0.0.0, Culture=neutral, PublicKeyToken=7cec85d7bea7798e],[System.String, System.Private.CoreLib, Version=6.0.0.0, Culture=neutral, PublicKeyToken=7cec85d7bea7798e],[System.Nullable`1[[System.Boolean, System.Private.CoreLib, Version=6.0.0.0, Culture=neutral, PublicKeyToken=7cec85d7bea7798e]], System.Private.CoreLib, Version=6.0.0.0, Culture=neutral, PublicKeyToken=7cec85d7bea7798e],[System.Nullable`1[[System.DateTime, System.Private.CoreLib, Version=6.0.0.0, Culture=neutral, PublicKeyToken=7cec85d7bea7798e]], System.Private.CoreLib, Version=6.0.0.0, Culture=neutral, PublicKeyToken=7cec85d7bea7798e],[System.Nullable`1[[System.Int32, System.Private.CoreLib, Version=6.0.0.0, Culture=neutral, PublicKeyToken=7cec85d7bea7798e]], System.Private.CoreLib, Version=6.0.0.0, Culture=neutral, PublicKeyToken=7cec85d7bea7798e],[<>f__AnonymousType4`2[[System.Int32, System.Private.CoreLib, Version=6.0.0.0, Culture=neutral, PublicKeyToken=7cec85d7bea7798e],[System.String, System.Private.CoreLib, Version=6.0.0.0, Culture=neutral, PublicKeyToken=7cec85d7bea7798e]], AgirSaglam.Api, Version=1.0.0.0, Culture=neutral, PublicKeyToken=null],[<>f__AnonymousType5`2[[System.Int32, System.Private.CoreLib, Version=6.0.0.0, Culture=neutral, PublicKeyToken=7cec85d7bea7798e],[System.String, System.Private.CoreLib, Version=6.0.0.0, Culture=neutral, PublicKeyToken=7cec85d7bea7798e]], AgirSaglam.Api, Version=1.0.0.0, Culture=neutral, PublicKeyToken=null]], AgirSaglam.Api, Version=1.0.0.0, Culture=neutral, PublicKeyToken=null]], System.Private.CoreLib, Version=6.0.0.0, Culture=neutral, PublicKeyToken=7cec85d7bea7798e]]'. 
2023-08-12 00:10:56.1806||INFO|Microsoft.AspNetCore.Mvc.Infrastructure.ControllerActionInvoker|Executed action AgirSaglam.Api.Controllers.CommentController.GetCommentsByProductId (AgirSaglam.Api) in 117.8885ms 
2023-08-12 00:10:56.1806||INFO|Microsoft.AspNetCore.Routing.EndpointMiddleware|Executed endpoint 'AgirSaglam.Api.Controllers.CommentController.GetCommentsByProductId (AgirSaglam.Api)' 
2023-08-12 00:10:56.1806||INFO|Microsoft.AspNetCore.Hosting.Diagnostics|Request finished HTTP/2 GET https://localhost:7119/api/Comment/GetCommentsByProductId/3 - - - 200 - application/json;+charset=utf-8 123.4890ms 
2023-08-12 00:11:11.2169||INFO|Microsoft.AspNetCore.Hosting.Diagnostics|Request starting HTTP/2 GET https://localhost:7119/api/Product/GetProductsByCategoryId/5 - - 
2023-08-12 00:11:11.2362||INFO|Microsoft.AspNetCore.Routing.EndpointMiddleware|Executing endpoint 'AgirSaglam.Api.Controllers.ProductController.GetProductsByCategoryId (AgirSaglam.Api)' 
2023-08-12 00:11:11.2381||INFO|Microsoft.AspNetCore.Mvc.Infrastructure.ControllerActionInvoker|Route matched with {action = "GetProductsByCategoryId", controller = "Product"}. Executing controller action with signature System.Object GetProductsByCategoryId(Int32) on controller AgirSaglam.Api.Controllers.ProductController (AgirSaglam.Api). 
2023-08-12 00:11:11.2707||INFO|Microsoft.EntityFrameworkCore.Database.Command|Executed DbCommand (3ms) [Parameters=[@__categoryId_0='?' (DbType = Int32)], CommandType='Text', CommandTimeout='30']
SELECT [t0].[Id], [t0].[Name], [t0].[Price], [t0].[DiscountPrice], [t0].[Amount], [t0].[Description], [t0].[Image], [t1].[Name] AS [CategoryName]
FROM [tblProductCategory] AS [t]
LEFT JOIN [tblProduct] AS [t0] ON [t].[ProductId] = [t0].[Id]
LEFT JOIN [tblCategory] AS [t1] ON [t].[CategoryId] = [t1].[Id]
WHERE [t].[CategoryId] = @__categoryId_0 
2023-08-12 00:11:11.2707||INFO|Microsoft.AspNetCore.Mvc.Infrastructure.ObjectResultExecutor|Executing ObjectResult, writing value of type '<>f__AnonymousType0`2[[System.Boolean, System.Private.CoreLib, Version=6.0.0.0, Culture=neutral, PublicKeyToken=7cec85d7bea7798e],[System.Collections.Generic.List`1[[System.Object, System.Private.CoreLib, Version=6.0.0.0, Culture=neutral, PublicKeyToken=7cec85d7bea7798e]], System.Private.CoreLib, Version=6.0.0.0, Culture=neutral, PublicKeyToken=7cec85d7bea7798e]]'. 
2023-08-12 00:11:11.2875||INFO|Microsoft.AspNetCore.Mvc.Infrastructure.ControllerActionInvoker|Executed action AgirSaglam.Api.Controllers.ProductController.GetProductsByCategoryId (AgirSaglam.Api) in 48.5005ms 
2023-08-12 00:11:11.2875||INFO|Microsoft.AspNetCore.Routing.EndpointMiddleware|Executed endpoint 'AgirSaglam.Api.Controllers.ProductController.GetProductsByCategoryId (AgirSaglam.Api)' 
2023-08-12 00:11:11.2875||INFO|Microsoft.AspNetCore.Hosting.Diagnostics|Request finished HTTP/2 GET https://localhost:7119/api/Product/GetProductsByCategoryId/5 - - - 200 - application/json;+charset=utf-8 71.4445ms 
2023-08-12 00:11:17.0064||INFO|Microsoft.AspNetCore.Hosting.Diagnostics|Request starting HTTP/2 GET https://localhost:7119/api/Product/GetProducts - - 
2023-08-12 00:11:17.0064||INFO|Microsoft.AspNetCore.Routing.EndpointMiddleware|Executing endpoint 'AgirSaglam.Api.Controllers.ProductController.GetProduct (AgirSaglam.Api)' 
2023-08-12 00:11:17.0064||INFO|Microsoft.AspNetCore.Mvc.Infrastructure.ControllerActionInvoker|Route matched with {action = "GetProduct", controller = "Product"}. Executing controller action with signature System.Object GetProduct() on controller AgirSaglam.Api.Controllers.ProductController (AgirSaglam.Api). 
2023-08-12 00:11:17.0226||INFO|Microsoft.EntityFrameworkCore.Database.Command|Executed DbCommand (1ms) [Parameters=[], CommandType='Text', CommandTimeout='30']
SELECT [t].[Id], [t].[Amount], [t].[Description], [t].[DiscountPrice], [t].[Image], [t].[Name], [t].[Price]
FROM [tblProduct] AS [t] 
2023-08-12 00:11:17.0226||INFO|Microsoft.AspNetCore.Mvc.Infrastructure.ObjectResultExecutor|Executing ObjectResult, writing value of type '<>f__AnonymousType0`2[[System.Boolean, System.Private.CoreLib, Version=6.0.0.0, Culture=neutral, PublicKeyToken=7cec85d7bea7798e],[System.Collections.Generic.List`1[[AgirSaglam.Model.Models.Product, AgirSaglam.Model, Version=1.0.0.0, Culture=neutral, PublicKeyToken=null]], System.Private.CoreLib, Version=6.0.0.0, Culture=neutral, PublicKeyToken=7cec85d7bea7798e]]'. 
2023-08-12 00:11:17.0226||INFO|Microsoft.AspNetCore.Mvc.Infrastructure.ControllerActionInvoker|Executed action AgirSaglam.Api.Controllers.ProductController.GetProduct (AgirSaglam.Api) in 17.2862ms 
2023-08-12 00:11:17.0226||INFO|Microsoft.AspNetCore.Routing.EndpointMiddleware|Executed endpoint 'AgirSaglam.Api.Controllers.ProductController.GetProduct (AgirSaglam.Api)' 
2023-08-12 00:11:17.0226||INFO|Microsoft.AspNetCore.Hosting.Diagnostics|Request finished HTTP/2 GET https://localhost:7119/api/Product/GetProducts - - - 200 - application/json;+charset=utf-8 23.7962ms 
2023-08-12 00:19:21.0901||INFO|Microsoft.AspNetCore.DataProtection.KeyManagement.XmlKeyManager|User profile is available. Using 'C:\Users\tugcedokgoz\AppData\Local\ASP.NET\DataProtection-Keys' as key repository and Windows DPAPI to encrypt keys at rest. 
2023-08-12 00:19:21.4404||INFO|Microsoft.Hosting.Lifetime|Now listening on: https://localhost:7119 
2023-08-12 00:19:21.4615||INFO|Microsoft.Hosting.Lifetime|Now listening on: http://localhost:5229 
2023-08-12 00:19:21.4615||INFO|Microsoft.Hosting.Lifetime|Application started. Press Ctrl+C to shut down. 
2023-08-12 00:19:21.4615||INFO|Microsoft.Hosting.Lifetime|Hosting environment: Development 
2023-08-12 00:19:21.4770||INFO|Microsoft.Hosting.Lifetime|Content root path: C:\Users\tugcedokgoz\Desktop\AgirsaglamShopClone\AgirsaglamShopClone\AgirSaglam.Api\ 
2023-08-12 00:19:22.3121||INFO|Microsoft.AspNetCore.Hosting.Diagnostics|Request starting HTTP/2 GET https://localhost:7119/swagger/index.html - - 
2023-08-12 00:19:22.9921||INFO|Microsoft.AspNetCore.Hosting.Diagnostics|Request starting HTTP/2 GET https://localhost:7119/_framework/aspnetcore-browser-refresh.js - - 
2023-08-12 00:19:22.9921||INFO|Microsoft.AspNetCore.Hosting.Diagnostics|Request finished HTTP/2 GET https://localhost:7119/swagger/index.html - - - 200 - text/html;charset=utf-8 687.8135ms 
2023-08-12 00:19:23.0832||INFO|Microsoft.AspNetCore.Hosting.Diagnostics|Request finished HTTP/2 GET https://localhost:7119/_framework/aspnetcore-browser-refresh.js - - - 200 12360 application/javascript;+charset=utf-8 91.0452ms 
2023-08-12 00:19:23.3843||INFO|Microsoft.AspNetCore.Hosting.Diagnostics|Request starting HTTP/2 GET https://localhost:7119/_vs/browserLink - - 
2023-08-12 00:19:23.5643||INFO|Microsoft.AspNetCore.Hosting.Diagnostics|Request finished HTTP/2 GET https://localhost:7119/_vs/browserLink - - - 200 - text/javascript;+charset=UTF-8 179.9657ms 
2023-08-12 00:19:24.0692||INFO|Microsoft.AspNetCore.Hosting.Diagnostics|Request starting HTTP/2 GET https://localhost:7119/swagger/v1/swagger.json - - 
2023-08-12 00:19:24.4666||INFO|Microsoft.AspNetCore.Hosting.Diagnostics|Request finished HTTP/2 GET https://localhost:7119/swagger/v1/swagger.json - - - 200 - application/json;charset=utf-8 397.3517ms 
2023-08-12 00:19:28.1838||INFO|Microsoft.AspNetCore.Hosting.Diagnostics|Request starting HTTP/2 GET https://localhost:7119/api/Category/GetCategories - - 
2023-08-12 00:19:28.3061||INFO|Microsoft.AspNetCore.Routing.EndpointMiddleware|Executing endpoint 'AgirSaglam.Api.Controllers.CategoryController.GetCategories (AgirSaglam.Api)' 
2023-08-12 00:19:28.3276||INFO|Microsoft.AspNetCore.Mvc.Infrastructure.ControllerActionInvoker|Route matched with {action = "GetCategories", controller = "Category"}. Executing controller action with signature System.Object GetCategories() on controller AgirSaglam.Api.Controllers.CategoryController (AgirSaglam.Api). 
2023-08-12 00:19:29.7734||WARN|Microsoft.EntityFrameworkCore.Model.Validation|No store type was specified for the decimal property 'Point' on entity type 'Comment'. This will cause values to be silently truncated if they do not fit in the default precision and scale. Explicitly specify the SQL server column type that can accommodate all the values in 'OnModelCreating' using 'HasColumnType', specify precision and scale using 'HasPrecision', or configure a value converter using 'HasConversion'. 
2023-08-12 00:19:29.7734||WARN|Microsoft.EntityFrameworkCore.Model.Validation|No store type was specified for the decimal property 'DiscountPrice' on entity type 'Product'. This will cause values to be silently truncated if they do not fit in the default precision and scale. Explicitly specify the SQL server column type that can accommodate all the values in 'OnModelCreating' using 'HasColumnType', specify precision and scale using 'HasPrecision', or configure a value converter using 'HasConversion'. 
2023-08-12 00:19:29.7734||WARN|Microsoft.EntityFrameworkCore.Model.Validation|No store type was specified for the decimal property 'Price' on entity type 'Product'. This will cause values to be silently truncated if they do not fit in the default precision and scale. Explicitly specify the SQL server column type that can accommodate all the values in 'OnModelCreating' using 'HasColumnType', specify precision and scale using 'HasPrecision', or configure a value converter using 'HasConversion'. 
2023-08-12 00:19:31.4439||ERROR|Microsoft.EntityFrameworkCore.Database.Command|Failed executing DbCommand (50ms) [Parameters=[], CommandType='Text', CommandTimeout='30']
SELECT [t].[Id], [t].[Name], [t].[ParentCategoryId], [t].[ProductId], [t].[Status], [t0].[Id], [t0].[Name], [t0].[ParentCategoryId], [t0].[ProductId], [t0].[Status]
FROM [tblCategory] AS [t]
LEFT JOIN [tblCategory] AS [t0] ON [t].[ParentCategoryId] = [t0].[Id] 
2023-08-12 00:19:31.5154||ERROR|Microsoft.EntityFrameworkCore.Query|An exception occurred while iterating over the results of a query for context type 'AgirSaglam.Repository.RepositoryContext'.
Microsoft.Data.SqlClient.SqlException (0x80131904): Invalid column name 'ProductId'.
Invalid column name 'ProductId'.
   at Microsoft.Data.SqlClient.SqlConnection.OnError(SqlException exception, Boolean breakConnection, Action`1 wrapCloseInAction)
   at Microsoft.Data.SqlClient.TdsParser.ThrowExceptionAndWarning(TdsParserStateObject stateObj, Boolean callerHasConnectionLock, Boolean asyncClose)
   at Microsoft.Data.SqlClient.TdsParser.TryRun(RunBehavior runBehavior, SqlCommand cmdHandler, SqlDataReader dataStream, BulkCopySimpleResultSet bulkCopyHandler, TdsParserStateObject stateObj, Boolean& dataReady)
   at Microsoft.Data.SqlClient.SqlDataReader.TryConsumeMetaData()
   at Microsoft.Data.SqlClient.SqlDataReader.get_MetaData()
   at Microsoft.Data.SqlClient.SqlCommand.FinishExecuteReader(SqlDataReader ds, RunBehavior runBehavior, String resetOptionsString, Boolean isInternal, Boolean forDescribeParameterEncryption, Boolean shouldCacheForAlwaysEncrypted)
   at Microsoft.Data.SqlClient.SqlCommand.RunExecuteReaderTds(CommandBehavior cmdBehavior, RunBehavior runBehavior, Boolean returnStream, Boolean isAsync, Int32 timeout, Task& task, Boolean asyncWrite, Boolean inRetry, SqlDataReader ds, Boolean describeParameterEncryptionRequest)
   at Microsoft.Data.SqlClient.SqlCommand.RunExecuteReader(CommandBehavior cmdBehavior, RunBehavior runBehavior, Boolean returnStream, TaskCompletionSource`1 completion, Int32 timeout, Task& task, Boolean& usedCache, Boolean asyncWrite, Boolean inRetry, String method)
   at Microsoft.Data.SqlClient.SqlCommand.ExecuteReader(CommandBehavior behavior)
   at Microsoft.Data.SqlClient.SqlCommand.ExecuteDbDataReader(CommandBehavior behavior)
   at Microsoft.EntityFrameworkCore.Storage.RelationalCommand.ExecuteReader(RelationalCommandParameterObject parameterObject)
   at Microsoft.EntityFrameworkCore.Query.Internal.SingleQueryingEnumerable`1.Enumerator.InitializeReader(Enumerator enumerator)
   at Microsoft.EntityFrameworkCore.SqlServer.Storage.Internal.SqlServerExecutionStrategy.Execute[TState,TResult](TState state, Func`3 operation, Func`3 verifySucceeded)
   at Microsoft.EntityFrameworkCore.Query.Internal.SingleQueryingEnumerable`1.Enumerator.MoveNext()
ClientConnectionId:3b6f108d-2319-4a0b-9f0e-dd1528c0e456
Error Number:207,State:1,Class:16 Microsoft.Data.SqlClient.SqlException (0x80131904): Invalid column name 'ProductId'.
Invalid column name 'ProductId'.
   at Microsoft.Data.SqlClient.SqlConnection.OnError(SqlException exception, Boolean breakConnection, Action`1 wrapCloseInAction)
   at Microsoft.Data.SqlClient.TdsParser.ThrowExceptionAndWarning(TdsParserStateObject stateObj, Boolean callerHasConnectionLock, Boolean asyncClose)
   at Microsoft.Data.SqlClient.TdsParser.TryRun(RunBehavior runBehavior, SqlCommand cmdHandler, SqlDataReader dataStream, BulkCopySimpleResultSet bulkCopyHandler, TdsParserStateObject stateObj, Boolean& dataReady)
   at Microsoft.Data.SqlClient.SqlDataReader.TryConsumeMetaData()
   at Microsoft.Data.SqlClient.SqlDataReader.get_MetaData()
   at Microsoft.Data.SqlClient.SqlCommand.FinishExecuteReader(SqlDataReader ds, RunBehavior runBehavior, String resetOptionsString, Boolean isInternal, Boolean forDescribeParameterEncryption, Boolean shouldCacheForAlwaysEncrypted)
   at Microsoft.Data.SqlClient.SqlCommand.RunExecuteReaderTds(CommandBehavior cmdBehavior, RunBehavior runBehavior, Boolean returnStream, Boolean isAsync, Int32 timeout, Task& task, Boolean asyncWrite, Boolean inRetry, SqlDataReader ds, Boolean describeParameterEncryptionRequest)
   at Microsoft.Data.SqlClient.SqlCommand.RunExecuteReader(CommandBehavior cmdBehavior, RunBehavior runBehavior, Boolean returnStream, TaskCompletionSource`1 completion, Int32 timeout, Task& task, Boolean& usedCache, Boolean asyncWrite, Boolean inRetry, String method)
   at Microsoft.Data.SqlClient.SqlCommand.ExecuteReader(CommandBehavior behavior)
   at Microsoft.Data.SqlClient.SqlCommand.ExecuteDbDataReader(CommandBehavior behavior)
   at Microsoft.EntityFrameworkCore.Storage.RelationalCommand.ExecuteReader(RelationalCommandParameterObject parameterObject)
   at Microsoft.EntityFrameworkCore.Query.Internal.SingleQueryingEnumerable`1.Enumerator.InitializeReader(Enumerator enumerator)
   at Microsoft.EntityFrameworkCore.SqlServer.Storage.Internal.SqlServerExecutionStrategy.Execute[TState,TResult](TState state, Func`3 operation, Func`3 verifySucceeded)
   at Microsoft.EntityFrameworkCore.Query.Internal.SingleQueryingEnumerable`1.Enumerator.MoveNext()
ClientConnectionId:3b6f108d-2319-4a0b-9f0e-dd1528c0e456
Error Number:207,State:1,Class:16
2023-08-12 00:32:41.8492||INFO|Microsoft.AspNetCore.DataProtection.KeyManagement.XmlKeyManager|User profile is available. Using 'C:\Users\tugcedokgoz\AppData\Local\ASP.NET\DataProtection-Keys' as key repository and Windows DPAPI to encrypt keys at rest. 
2023-08-12 00:32:42.6710||INFO|Microsoft.Hosting.Lifetime|Now listening on: https://localhost:7119 
2023-08-12 00:32:42.6809||INFO|Microsoft.Hosting.Lifetime|Now listening on: http://localhost:5229 
2023-08-12 00:32:42.6809||INFO|Microsoft.Hosting.Lifetime|Application started. Press Ctrl+C to shut down. 
2023-08-12 00:32:42.6931||INFO|Microsoft.Hosting.Lifetime|Hosting environment: Development 
2023-08-12 00:32:42.6931||INFO|Microsoft.Hosting.Lifetime|Content root path: C:\Users\tugcedokgoz\Desktop\AgirsaglamShopClone\AgirsaglamShopClone\AgirSaglam.Api\ 
2023-08-12 00:32:44.0634||INFO|Microsoft.AspNetCore.Hosting.Diagnostics|Request starting HTTP/2 GET https://localhost:7119/swagger/index.html - - 
2023-08-12 00:32:45.1102||INFO|Microsoft.AspNetCore.Hosting.Diagnostics|Request starting HTTP/2 GET https://localhost:7119/_framework/aspnetcore-browser-refresh.js - - 
2023-08-12 00:32:45.1236||INFO|Microsoft.AspNetCore.Hosting.Diagnostics|Request finished HTTP/2 GET https://localhost:7119/swagger/index.html - - - 200 - text/html;charset=utf-8 1068.2725ms 
2023-08-12 00:32:45.1296||INFO|Microsoft.AspNetCore.Hosting.Diagnostics|Request finished HTTP/2 GET https://localhost:7119/_framework/aspnetcore-browser-refresh.js - - - 200 12360 application/javascript;+charset=utf-8 18.9894ms 
2023-08-12 00:32:45.5696||INFO|Microsoft.AspNetCore.Hosting.Diagnostics|Request starting HTTP/2 GET https://localhost:7119/_vs/browserLink - - 
2023-08-12 00:32:45.8083||INFO|Microsoft.AspNetCore.Hosting.Diagnostics|Request finished HTTP/2 GET https://localhost:7119/_vs/browserLink - - - 200 - text/javascript;+charset=UTF-8 238.6153ms 
2023-08-12 00:32:46.5335||INFO|Microsoft.AspNetCore.Hosting.Diagnostics|Request starting HTTP/2 GET https://localhost:7119/swagger/v1/swagger.json - - 
2023-08-12 00:32:46.9896||INFO|Microsoft.AspNetCore.Hosting.Diagnostics|Request finished HTTP/2 GET https://localhost:7119/swagger/v1/swagger.json - - - 200 - application/json;charset=utf-8 456.0477ms 
2023-08-12 00:32:50.8345||INFO|Microsoft.AspNetCore.Hosting.Diagnostics|Request starting HTTP/2 GET https://localhost:7119/api/Category/GetCategories - - 
2023-08-12 00:32:51.4870||INFO|Microsoft.AspNetCore.Routing.EndpointMiddleware|Executing endpoint 'AgirSaglam.Api.Controllers.CategoryController.GetCategories (AgirSaglam.Api)' 
2023-08-12 00:32:51.5182||INFO|Microsoft.AspNetCore.Mvc.Infrastructure.ControllerActionInvoker|Route matched with {action = "GetCategories", controller = "Category"}. Executing controller action with signature System.Object GetCategories() on controller AgirSaglam.Api.Controllers.CategoryController (AgirSaglam.Api). 
2023-08-12 00:32:53.3535||WARN|Microsoft.EntityFrameworkCore.Model.Validation|No store type was specified for the decimal property 'Point' on entity type 'Comment'. This will cause values to be silently truncated if they do not fit in the default precision and scale. Explicitly specify the SQL server column type that can accommodate all the values in 'OnModelCreating' using 'HasColumnType', specify precision and scale using 'HasPrecision', or configure a value converter using 'HasConversion'. 
2023-08-12 00:32:53.3535||WARN|Microsoft.EntityFrameworkCore.Model.Validation|No store type was specified for the decimal property 'DiscountPrice' on entity type 'Product'. This will cause values to be silently truncated if they do not fit in the default precision and scale. Explicitly specify the SQL server column type that can accommodate all the values in 'OnModelCreating' using 'HasColumnType', specify precision and scale using 'HasPrecision', or configure a value converter using 'HasConversion'. 
2023-08-12 00:32:53.3535||WARN|Microsoft.EntityFrameworkCore.Model.Validation|No store type was specified for the decimal property 'Price' on entity type 'Product'. This will cause values to be silently truncated if they do not fit in the default precision and scale. Explicitly specify the SQL server column type that can accommodate all the values in 'OnModelCreating' using 'HasColumnType', specify precision and scale using 'HasPrecision', or configure a value converter using 'HasConversion'. 
2023-08-12 00:32:55.7541||ERROR|Microsoft.EntityFrameworkCore.Database.Command|Failed executing DbCommand (54ms) [Parameters=[], CommandType='Text', CommandTimeout='30']
SELECT [t].[Id], [t].[Name], [t].[ParentCategoryId], [t].[ProductId], [t].[Status], [t0].[Id], [t0].[Name], [t0].[ParentCategoryId], [t0].[ProductId], [t0].[Status]
FROM [tblCategory] AS [t]
LEFT JOIN [tblCategory] AS [t0] ON [t].[ParentCategoryId] = [t0].[Id] 
2023-08-12 00:32:55.8092||ERROR|Microsoft.EntityFrameworkCore.Query|An exception occurred while iterating over the results of a query for context type 'AgirSaglam.Repository.RepositoryContext'.
Microsoft.Data.SqlClient.SqlException (0x80131904): Invalid column name 'ProductId'.
Invalid column name 'ProductId'.
   at Microsoft.Data.SqlClient.SqlConnection.OnError(SqlException exception, Boolean breakConnection, Action`1 wrapCloseInAction)
   at Microsoft.Data.SqlClient.TdsParser.ThrowExceptionAndWarning(TdsParserStateObject stateObj, Boolean callerHasConnectionLock, Boolean asyncClose)
   at Microsoft.Data.SqlClient.TdsParser.TryRun(RunBehavior runBehavior, SqlCommand cmdHandler, SqlDataReader dataStream, BulkCopySimpleResultSet bulkCopyHandler, TdsParserStateObject stateObj, Boolean& dataReady)
   at Microsoft.Data.SqlClient.SqlDataReader.TryConsumeMetaData()
   at Microsoft.Data.SqlClient.SqlDataReader.get_MetaData()
   at Microsoft.Data.SqlClient.SqlCommand.FinishExecuteReader(SqlDataReader ds, RunBehavior runBehavior, String resetOptionsString, Boolean isInternal, Boolean forDescribeParameterEncryption, Boolean shouldCacheForAlwaysEncrypted)
   at Microsoft.Data.SqlClient.SqlCommand.RunExecuteReaderTds(CommandBehavior cmdBehavior, RunBehavior runBehavior, Boolean returnStream, Boolean isAsync, Int32 timeout, Task& task, Boolean asyncWrite, Boolean inRetry, SqlDataReader ds, Boolean describeParameterEncryptionRequest)
   at Microsoft.Data.SqlClient.SqlCommand.RunExecuteReader(CommandBehavior cmdBehavior, RunBehavior runBehavior, Boolean returnStream, TaskCompletionSource`1 completion, Int32 timeout, Task& task, Boolean& usedCache, Boolean asyncWrite, Boolean inRetry, String method)
   at Microsoft.Data.SqlClient.SqlCommand.ExecuteReader(CommandBehavior behavior)
   at Microsoft.Data.SqlClient.SqlCommand.ExecuteDbDataReader(CommandBehavior behavior)
   at Microsoft.EntityFrameworkCore.Storage.RelationalCommand.ExecuteReader(RelationalCommandParameterObject parameterObject)
   at Microsoft.EntityFrameworkCore.Query.Internal.SingleQueryingEnumerable`1.Enumerator.InitializeReader(Enumerator enumerator)
   at Microsoft.EntityFrameworkCore.SqlServer.Storage.Internal.SqlServerExecutionStrategy.Execute[TState,TResult](TState state, Func`3 operation, Func`3 verifySucceeded)
   at Microsoft.EntityFrameworkCore.Query.Internal.SingleQueryingEnumerable`1.Enumerator.MoveNext()
ClientConnectionId:a6a08d54-c5af-4a95-b1b3-13c19fbf7cf0
Error Number:207,State:1,Class:16 Microsoft.Data.SqlClient.SqlException (0x80131904): Invalid column name 'ProductId'.
Invalid column name 'ProductId'.
   at Microsoft.Data.SqlClient.SqlConnection.OnError(SqlException exception, Boolean breakConnection, Action`1 wrapCloseInAction)
   at Microsoft.Data.SqlClient.TdsParser.ThrowExceptionAndWarning(TdsParserStateObject stateObj, Boolean callerHasConnectionLock, Boolean asyncClose)
   at Microsoft.Data.SqlClient.TdsParser.TryRun(RunBehavior runBehavior, SqlCommand cmdHandler, SqlDataReader dataStream, BulkCopySimpleResultSet bulkCopyHandler, TdsParserStateObject stateObj, Boolean& dataReady)
   at Microsoft.Data.SqlClient.SqlDataReader.TryConsumeMetaData()
   at Microsoft.Data.SqlClient.SqlDataReader.get_MetaData()
   at Microsoft.Data.SqlClient.SqlCommand.FinishExecuteReader(SqlDataReader ds, RunBehavior runBehavior, String resetOptionsString, Boolean isInternal, Boolean forDescribeParameterEncryption, Boolean shouldCacheForAlwaysEncrypted)
   at Microsoft.Data.SqlClient.SqlCommand.RunExecuteReaderTds(CommandBehavior cmdBehavior, RunBehavior runBehavior, Boolean returnStream, Boolean isAsync, Int32 timeout, Task& task, Boolean asyncWrite, Boolean inRetry, SqlDataReader ds, Boolean describeParameterEncryptionRequest)
   at Microsoft.Data.SqlClient.SqlCommand.RunExecuteReader(CommandBehavior cmdBehavior, RunBehavior runBehavior, Boolean returnStream, TaskCompletionSource`1 completion, Int32 timeout, Task& task, Boolean& usedCache, Boolean asyncWrite, Boolean inRetry, String method)
   at Microsoft.Data.SqlClient.SqlCommand.ExecuteReader(CommandBehavior behavior)
   at Microsoft.Data.SqlClient.SqlCommand.ExecuteDbDataReader(CommandBehavior behavior)
   at Microsoft.EntityFrameworkCore.Storage.RelationalCommand.ExecuteReader(RelationalCommandParameterObject parameterObject)
   at Microsoft.EntityFrameworkCore.Query.Internal.SingleQueryingEnumerable`1.Enumerator.InitializeReader(Enumerator enumerator)
   at Microsoft.EntityFrameworkCore.SqlServer.Storage.Internal.SqlServerExecutionStrategy.Execute[TState,TResult](TState state, Func`3 operation, Func`3 verifySucceeded)
   at Microsoft.EntityFrameworkCore.Query.Internal.SingleQueryingEnumerable`1.Enumerator.MoveNext()
ClientConnectionId:a6a08d54-c5af-4a95-b1b3-13c19fbf7cf0
Error Number:207,State:1,Class:16
