2023-08-02 00:12:49.5959||INFO|Microsoft.Hosting.Lifetime|Now listening on: https://localhost:7119 
2023-08-02 00:12:49.7113||INFO|Microsoft.Hosting.Lifetime|Now listening on: http://localhost:5229 
2023-08-02 00:12:49.7198||INFO|Microsoft.Hosting.Lifetime|Application started. Press Ctrl+C to shut down. 
2023-08-02 00:12:49.7198||INFO|Microsoft.Hosting.Lifetime|Hosting environment: Development 
2023-08-02 00:12:49.7198||INFO|Microsoft.Hosting.Lifetime|Content root path: C:\Users\tugcedokgoz\Desktop\AgirsaglamShopClone\AgirsaglamShopClone\AgirSaglam.Api\ 
2023-08-02 00:12:51.5197||INFO|Microsoft.AspNetCore.Hosting.Diagnostics|Request starting HTTP/2 GET https://localhost:7119/swagger/index.html - - 
2023-08-02 00:12:53.0295||INFO|Microsoft.AspNetCore.Hosting.Diagnostics|Request starting HTTP/2 GET https://localhost:7119/_framework/aspnetcore-browser-refresh.js - - 
2023-08-02 00:12:53.0779||INFO|Microsoft.AspNetCore.Hosting.Diagnostics|Request finished HTTP/2 GET https://localhost:7119/swagger/index.html - - - 200 - text/html;charset=utf-8 1562.6397ms 
2023-08-02 00:12:53.1257||INFO|Microsoft.AspNetCore.Hosting.Diagnostics|Request finished HTTP/2 GET https://localhost:7119/_framework/aspnetcore-browser-refresh.js - - - 200 12360 application/javascript;+charset=utf-8 96.1785ms 
2023-08-02 00:12:53.4301||INFO|Microsoft.AspNetCore.Hosting.Diagnostics|Request starting HTTP/2 GET https://localhost:7119/_vs/browserLink - - 
2023-08-02 00:12:53.5567||INFO|Microsoft.AspNetCore.Hosting.Diagnostics|Request finished HTTP/2 GET https://localhost:7119/_vs/browserLink - - - 200 - text/javascript;+charset=UTF-8 126.6214ms 
2023-08-02 00:12:54.2819||INFO|Microsoft.AspNetCore.Hosting.Diagnostics|Request starting HTTP/2 GET https://localhost:7119/swagger/v1/swagger.json - - 
2023-08-02 00:12:54.6782||INFO|Microsoft.AspNetCore.Hosting.Diagnostics|Request finished HTTP/2 GET https://localhost:7119/swagger/v1/swagger.json - - - 200 - application/json;charset=utf-8 396.2430ms 
2023-08-02 00:14:14.3675||INFO|Microsoft.AspNetCore.Hosting.Diagnostics|Request starting HTTP/2 GET https://localhost:7119/api/Adress/GetAdress - - 
2023-08-02 00:14:14.3812||INFO|Microsoft.AspNetCore.Routing.EndpointMiddleware|Executing endpoint 'AgirSaglam.Api.Controllers.AdressController.GetAdress (AgirSaglam.Api)' 
2023-08-02 00:14:14.4242||INFO|Microsoft.AspNetCore.Mvc.Infrastructure.ControllerActionInvoker|Route matched with {action = "GetAdress", controller = "Adress"}. Executing controller action with signature System.Object GetAdress() on controller AgirSaglam.Api.Controllers.AdressController (AgirSaglam.Api). 
2023-08-02 00:14:16.6832||WARN|Microsoft.EntityFrameworkCore.Model.Validation|No store type was specified for the decimal property 'Point' on entity type 'Comment'. This will cause values to be silently truncated if they do not fit in the default precision and scale. Explicitly specify the SQL server column type that can accommodate all the values in 'OnModelCreating' using 'HasColumnType', specify precision and scale using 'HasPrecision', or configure a value converter using 'HasConversion'. 
2023-08-02 00:14:16.6832||WARN|Microsoft.EntityFrameworkCore.Model.Validation|No store type was specified for the decimal property 'DiscountPrice' on entity type 'Product'. This will cause values to be silently truncated if they do not fit in the default precision and scale. Explicitly specify the SQL server column type that can accommodate all the values in 'OnModelCreating' using 'HasColumnType', specify precision and scale using 'HasPrecision', or configure a value converter using 'HasConversion'. 
2023-08-02 00:14:16.6832||WARN|Microsoft.EntityFrameworkCore.Model.Validation|No store type was specified for the decimal property 'Price' on entity type 'Product'. This will cause values to be silently truncated if they do not fit in the default precision and scale. Explicitly specify the SQL server column type that can accommodate all the values in 'OnModelCreating' using 'HasColumnType', specify precision and scale using 'HasPrecision', or configure a value converter using 'HasConversion'. 
2023-08-02 00:14:18.4408||INFO|Microsoft.EntityFrameworkCore.Database.Command|Executed DbCommand (58ms) [Parameters=[], CommandType='Text', CommandTimeout='30']
SELECT [t].[Id], [t].[City], [t].[District], [t].[PostCode]
FROM [tblAdress] AS [t] 
2023-08-02 00:14:18.4970||INFO|Microsoft.AspNetCore.Mvc.Infrastructure.ObjectResultExecutor|Executing ObjectResult, writing value of type '<>f__AnonymousType0`2[[System.Boolean, System.Private.CoreLib, Version=6.0.0.0, Culture=neutral, PublicKeyToken=7cec85d7bea7798e],[System.Collections.Generic.List`1[[AgirSaglam.Model.Adress, AgirSaglam.Model, Version=1.0.0.0, Culture=neutral, PublicKeyToken=null]], System.Private.CoreLib, Version=6.0.0.0, Culture=neutral, PublicKeyToken=7cec85d7bea7798e]]'. 
2023-08-02 00:14:18.5113||INFO|Microsoft.AspNetCore.Mvc.Infrastructure.ControllerActionInvoker|Executed action AgirSaglam.Api.Controllers.AdressController.GetAdress (AgirSaglam.Api) in 4080.4862ms 
2023-08-02 00:14:18.5113||INFO|Microsoft.AspNetCore.Routing.EndpointMiddleware|Executed endpoint 'AgirSaglam.Api.Controllers.AdressController.GetAdress (AgirSaglam.Api)' 
2023-08-02 00:14:18.5392||INFO|Microsoft.AspNetCore.Hosting.Diagnostics|Request finished HTTP/2 GET https://localhost:7119/api/Adress/GetAdress - - - 200 - application/json;+charset=utf-8 4171.7730ms 
